{"C:\\Users\\uonwuliri\\Desktop\\Code\\Algorithm\\src\\Algorthms\\palindrome.ts": {"path":"C:\\Users\\uonwuliri\\Desktop\\Code\\Algorithm\\src\\Algorthms\\palindrome.ts","statementMap":{"0":{"start":{"line":1,"column":0},"end":{"line":1,"column":16}},"1":{"start":{"line":3,"column":20},"end":{"line":3,"column":66}},"2":{"start":{"line":5,"column":20},"end":{"line":5,"column":56}},"3":{"start":{"line":7,"column":4},"end":{"line":7,"column":null}}},"fnMap":{"0":{"name":"palindrome","decl":{"start":{"line":1,"column":16},"end":{"line":1,"column":26}},"loc":{"start":{"line":1,"column":41},"end":{"line":8,"column":1}}}},"branchMap":{},"s":{"0":1,"1":4,"2":4,"3":4},"f":{"0":4},"b":{}}
,"C:\\Users\\uonwuliri\\Desktop\\Code\\Algorithm\\src\\Algorthms\\sum.ts": {"path":"C:\\Users\\uonwuliri\\Desktop\\Code\\Algorithm\\src\\Algorthms\\sum.ts","statementMap":{"0":{"start":{"line":1,"column":0},"end":{"line":1,"column":null}},"1":{"start":{"line":3,"column":4},"end":{"line":3,"column":17}}},"fnMap":{"0":{"name":"sum","decl":{"start":{"line":2,"column":0},"end":{"line":2,"column":3}},"loc":{"start":{"line":2,"column":21},"end":{"line":4,"column":1}}}},"branchMap":{},"s":{"0":1,"1":1},"f":{"0":1},"b":{}}
}
